
> @portfolio/vue2@1.0.0 build /Users/ahinds/repos/portfolio/packages/vue2
> node build/blogs.js && vite build

error_checking_and_debugging.json saved!
what_are_header_files.json saved!
published-2017-october-10-abstraction-basics.json saved!
getting_started_with_scp.json saved!
what_is_main_argcv.json saved!
using_git.json saved!
getting_started_with_ssh.json saved!
getting_started_with_functions.json saved!
type_in_c.json saved!
All done!
vite v4.0.3 building for production...
transforming...
✓ 98 modules transformed.
rendering chunks...
computing gzip size...
dist/index.html                   1.14 kB
dist/assets/style-e8669f2c.css   24.26 kB │ gzip:  4.87 kB
dist/assets/index-83eb6114.js   241.85 kB │ gzip: 85.52 kB
